
Showing logs for build [32mcb-kubecd-environment-pr-206-42-bm8c4-1[0m stage [32mfrom-build-pack[0m and container [32mstep-credential-initializer-sc4g7[0m
{"level":"info","ts":1587552255.0865555,"logger":"fallback-logger","caller":"logging/config.go:69","msg":"Fetch GitHub commit ID from kodata failed: open /var/run/ko/refs/heads/0.8.0-ns-support: no such file or directory"}
{"level":"info","ts":1587552255.0870414,"logger":"fallback-logger","caller":"creds-init/main.go:40","msg":"Credentials initialized."}

Showing logs for build [32mcb-kubecd-environment-pr-206-42-bm8c4-1[0m stage [32mfrom-build-pack[0m and container [32mstep-working-dir-initializer-m8k6m[0m
{"level":"info","ts":1587552256.0322826,"logger":"fallback-logger","caller":"logging/config.go:69","msg":"Fetch GitHub commit ID from kodata failed: open /var/run/ko/HEAD: no such file or directory"}
{"level":"info","ts":1587552256.0339117,"logger":"fallback-logger","caller":"bash/main.go:64","msg":"Successfully executed command \"sh -c mkdir -p /workspace/source\"; output "}

Showing logs for build [32mcb-kubecd-environment-pr-206-42-bm8c4-1[0m stage [32mfrom-build-pack[0m and container [32mstep-place-tools[0m

Showing logs for build [32mcb-kubecd-environment-pr-206-42-bm8c4-1[0m stage [32mfrom-build-pack[0m and container [32mstep-git-source-cb-kubecd-environment-pr-206-42-bm8c4-tsl5d[0m
{"level":"info","ts":1587552260.1006722,"logger":"fallback-logger","caller":"logging/config.go:69","msg":"Fetch GitHub commit ID from kodata failed: open /var/run/ko/refs/heads/0.8.0-ns-support: no such file or directory"}
{"level":"info","ts":1587552261.1494076,"logger":"fallback-logger","caller":"git/git.go:103","msg":"Successfully cloned https://github.com/cb-kubecd/environment-pr-206-42-boot-gke-production.git @ master in path /workspace/source"}

Showing logs for build [32mcb-kubecd-environment-pr-206-42-bm8c4-1[0m stage [32mfrom-build-pack[0m and container [32mstep-git-merge[0m
Using SHAs from PULL_REFS=master:82403f3c10ea5da29a002d49a5f791bb7ee6dd6d,1:c9304b1f47e6da2dbcc01265c5bf0d9e91ebb94f
DEBUG: LC_ALL=C JX_LOG_LEVEL=error git fetch origin --unshallow c9304b1f47e6da2dbcc01265c5bf0d9e91ebb94f: 82403f3c10ea5da29a002d49a5f791bb7ee6dd6d:
DEBUG: ran git fetch --unshallow origin c9304b1f47e6da2dbcc01265c5bf0d9e91ebb94f: 82403f3c10ea5da29a002d49a5f791bb7ee6dd6d: in 
DEBUG: LC_ALL=C JX_LOG_LEVEL=error git branch
DEBUG: LC_ALL=C JX_LOG_LEVEL=error git checkout master
DEBUG: ran git checkout master in 
DEBUG: LC_ALL=C JX_LOG_LEVEL=error git reset --hard 82403f3c10ea5da29a002d49a5f791bb7ee6dd6d
DEBUG: ran git reset --hard 82403f3c10ea5da29a002d49a5f791bb7ee6dd6d in 
DEBUG: LC_ALL=C JX_LOG_LEVEL=error git clean -fd .
DEBUG: ran clean --force -d . in 
DEBUG: LC_ALL=C JX_LOG_LEVEL=error git merge c9304b1f47e6da2dbcc01265c5bf0d9e91ebb94f
DEBUG: ran git merge c9304b1f47e6da2dbcc01265c5bf0d9e91ebb94f in 
DEBUG: LC_ALL=C JX_LOG_LEVEL=error git log --format=%H%x1f%an%x1f%ae%x1f%cn%x1f%ce%x1f%s%n%b%x1e 82403f3c10ea5da29a002d49a5f791bb7ee6dd6d..HEAD
Merged SHA c9304b1f47e6da2dbcc01265c5bf0d9e91ebb94f with commit message 'chore: Promote bdd-spring-1587551304 to version 0.0.1' into base branch master

Showing logs for build [32mcb-kubecd-environment-pr-206-42-bm8c4-1[0m stage [32mfrom-build-pack[0m and container [32mstep-build-helm-build[0m
WARNING: No $CHART_REPOSITORY defined so using the default value of: http://jenkins-x-chartmuseum:8080
Adding missing Helm repo: storage.googleapis.com https://storage.googleapis.com/chartmuseum.jenkins-x.io
WARNING: No secrets found on "helm/repos" due: reading the secret "helm/repos" from vault: no secret "helm/repos" not found in vault
Read credentials for https://storage.googleapis.com/chartmuseum.jenkins-x.io from vault helm/repos
Successfully added Helm repository storage.googleapis.com.
Adding missing Helm repo: jenkins-x-chartmuseum http://jenkins-x-chartmuseum:8080
WARNING: No secrets found on "helm/repos" due: reading the secret "helm/repos" from vault: no secret "helm/repos" not found in vault
Read credentials for http://jenkins-x-chartmuseum:8080 from vault helm/repos
Successfully added Helm repository jenkins-x-chartmuseum.
WARNING: No $CHART_REPOSITORY defined so using the default value of: http://jenkins-x-chartmuseum:8080
Adding missing Helm repo: chartmuseum.jenkins-x.io http://chartmuseum.jenkins-x.io
WARNING: No secrets found on "helm/repos" due: reading the secret "helm/repos" from vault: no secret "helm/repos" not found in vault
Read credentials for http://chartmuseum.jenkins-x.io from vault helm/repos
Successfully added Helm repository chartmuseum.jenkins-x.io.
